{"/Users/firewall/Documents/sem3/skychart/config/database.js": {"path":"/Users/firewall/Documents/sem3/skychart/config/database.js","statementMap":{"0":{"start":{"line":1,"column":17},"end":{"line":1,"column":30}},"1":{"start":{"line":2,"column":0},"end":{"line":2,"column":27}},"2":{"start":{"line":4,"column":13},"end":{"line":10,"column":2}},"3":{"start":{"line":12,"column":0},"end":{"line":12,"column":22}}},"fnMap":{},"branchMap":{},"s":{"0":1,"1":1,"2":1,"3":1},"f":{},"b":{},"_coverageSchema":"1a1c01bbd47fc00a2c39e90264f33305004495a9","hash":"223e75a67dd80a86fa53e0db8f166cd771a44606"}
,"/Users/firewall/Documents/sem3/skychart/config/swagger.js": {"path":"/Users/firewall/Documents/sem3/skychart/config/swagger.js","statementMap":{"0":{"start":{"line":1,"column":21},"end":{"line":1,"column":45}},"1":{"start":{"line":2,"column":18},"end":{"line":2,"column":47}},"2":{"start":{"line":4,"column":16},"end":{"line":259,"column":1}},"3":{"start":{"line":261,"column":14},"end":{"line":261,"column":35}},"4":{"start":{"line":263,"column":0},"end":{"line":266,"column":2}}},"fnMap":{},"branchMap":{},"s":{"0":0,"1":0,"2":0,"3":0,"4":0},"f":{},"b":{}}
,"/Users/firewall/Documents/sem3/skychart/middleware/auth.js": {"path":"/Users/firewall/Documents/sem3/skychart/middleware/auth.js","statementMap":{"0":{"start":{"line":1,"column":12},"end":{"line":1,"column":35}},"1":{"start":{"line":3,"column":0},"end":{"line":21,"column":2}},"2":{"start":{"line":4,"column":23},"end":{"line":4,"column":48}},"3":{"start":{"line":6,"column":4},"end":{"line":8,"column":5}},"4":{"start":{"line":7,"column":8},"end":{"line":7,"column":90}},"5":{"start":{"line":10,"column":18},"end":{"line":10,"column":42}},"6":{"start":{"line":12,"column":4},"end":{"line":20,"column":5}},"7":{"start":{"line":13,"column":24},"end":{"line":13,"column":65}},"8":{"start":{"line":14,"column":8},"end":{"line":14,"column":42}},"9":{"start":{"line":16,"column":8},"end":{"line":16,"column":15}},"10":{"start":{"line":18,"column":8},"end":{"line":18,"column":56}},"11":{"start":{"line":19,"column":8},"end":{"line":19,"column":68}}},"fnMap":{"0":{"name":"(anonymous_0)","decl":{"start":{"line":3,"column":17},"end":{"line":3,"column":18}},"loc":{"start":{"line":3,"column":43},"end":{"line":21,"column":1}},"line":3}},"branchMap":{"0":{"loc":{"start":{"line":6,"column":4},"end":{"line":8,"column":5}},"type":"if","locations":[{"start":{"line":6,"column":4},"end":{"line":8,"column":5}},{"start":{},"end":{}}],"line":6},"1":{"loc":{"start":{"line":6,"column":8},"end":{"line":6,"column":56}},"type":"binary-expr","locations":[{"start":{"line":6,"column":8},"end":{"line":6,"column":19}},{"start":{"line":6,"column":23},"end":{"line":6,"column":56}}],"line":6}},"s":{"0":1,"1":1,"2":0,"3":0,"4":0,"5":0,"6":0,"7":0,"8":0,"9":0,"10":0,"11":0},"f":{"0":0},"b":{"0":[0,0],"1":[0,0]},"_coverageSchema":"1a1c01bbd47fc00a2c39e90264f33305004495a9","hash":"b3a31fa953d3d5e46fc56ab7efb1d8737164b15f"}
,"/Users/firewall/Documents/sem3/skychart/middleware/upload.js": {"path":"/Users/firewall/Documents/sem3/skychart/middleware/upload.js","statementMap":{"0":{"start":{"line":1,"column":15},"end":{"line":1,"column":32}},"1":{"start":{"line":2,"column":13},"end":{"line":2,"column":28}},"2":{"start":{"line":3,"column":11},"end":{"line":3,"column":24}},"3":{"start":{"line":4,"column":18},"end":{"line":4,"column":28}},"4":{"start":{"line":5,"column":0},"end":{"line":7,"column":1}},"5":{"start":{"line":6,"column":4},"end":{"line":6,"column":49}},"6":{"start":{"line":9,"column":16},"end":{"line":17,"column":2}},"7":{"start":{"line":11,"column":8},"end":{"line":11,"column":28}},"8":{"start":{"line":14,"column":29},"end":{"line":14,"column":79}},"9":{"start":{"line":15,"column":8},"end":{"line":15,"column":79}},"10":{"start":{"line":19,"column":15},"end":{"line":31,"column":2}},"11":{"start":{"line":25,"column":8},"end":{"line":29,"column":9}},"12":{"start":{"line":26,"column":12},"end":{"line":26,"column":27}},"13":{"start":{"line":28,"column":12},"end":{"line":28,"column":65}},"14":{"start":{"line":33,"column":0},"end":{"line":33,"column":24}}},"fnMap":{"0":{"name":"(anonymous_0)","decl":{"start":{"line":10,"column":17},"end":{"line":10,"column":18}},"loc":{"start":{"line":10,"column":42},"end":{"line":12,"column":5}},"line":10},"1":{"name":"(anonymous_1)","decl":{"start":{"line":13,"column":14},"end":{"line":13,"column":15}},"loc":{"start":{"line":13,"column":39},"end":{"line":16,"column":5}},"line":13},"2":{"name":"(anonymous_2)","decl":{"start":{"line":24,"column":16},"end":{"line":24,"column":17}},"loc":{"start":{"line":24,"column":41},"end":{"line":30,"column":5}},"line":24}},"branchMap":{"0":{"loc":{"start":{"line":5,"column":0},"end":{"line":7,"column":1}},"type":"if","locations":[{"start":{"line":5,"column":0},"end":{"line":7,"column":1}},{"start":{},"end":{}}],"line":5},"1":{"loc":{"start":{"line":25,"column":8},"end":{"line":29,"column":9}},"type":"if","locations":[{"start":{"line":25,"column":8},"end":{"line":29,"column":9}},{"start":{"line":27,"column":15},"end":{"line":29,"column":9}}],"line":25}},"s":{"0":1,"1":1,"2":1,"3":1,"4":1,"5":0,"6":1,"7":0,"8":0,"9":0,"10":1,"11":0,"12":0,"13":0,"14":1},"f":{"0":0,"1":0,"2":0},"b":{"0":[0,1],"1":[0,0]},"_coverageSchema":"1a1c01bbd47fc00a2c39e90264f33305004495a9","hash":"7252f9dfcfe8ebb29593e554ec762352729007bb"}
,"/Users/firewall/Documents/sem3/skychart/routes/auth.js": {"path":"/Users/firewall/Documents/sem3/skychart/routes/auth.js","statementMap":{"0":{"start":{"line":1,"column":16},"end":{"line":1,"column":34}},"1":{"start":{"line":2,"column":15},"end":{"line":2,"column":34}},"2":{"start":{"line":3,"column":12},"end":{"line":3,"column":35}},"3":{"start":{"line":4,"column":13},"end":{"line":4,"column":42}},"4":{"start":{"line":6,"column":15},"end":{"line":6,"column":31}},"5":{"start":{"line":59,"column":0},"end":{"line":104,"column":3}},"6":{"start":{"line":60,"column":4},"end":{"line":103,"column":5}},"7":{"start":{"line":61,"column":46},"end":{"line":61,"column":54}},"8":{"start":{"line":63,"column":8},"end":{"line":65,"column":9}},"9":{"start":{"line":64,"column":12},"end":{"line":64,"column":86}},"10":{"start":{"line":67,"column":27},"end":{"line":70,"column":9}},"11":{"start":{"line":72,"column":8},"end":{"line":74,"column":9}},"12":{"start":{"line":73,"column":12},"end":{"line":73,"column":74}},"13":{"start":{"line":76,"column":27},"end":{"line":76,"column":29}},"14":{"start":{"line":77,"column":29},"end":{"line":77,"column":68}},"15":{"start":{"line":79,"column":24},"end":{"line":82,"column":9}},"16":{"start":{"line":84,"column":22},"end":{"line":88,"column":9}},"17":{"start":{"line":90,"column":8},"end":{"line":98,"column":11}},"18":{"start":{"line":101,"column":8},"end":{"line":101,"column":52}},"19":{"start":{"line":102,"column":8},"end":{"line":102,"column":65}},"20":{"start":{"line":153,"column":0},"end":{"line":198,"column":3}},"21":{"start":{"line":154,"column":4},"end":{"line":197,"column":5}},"22":{"start":{"line":155,"column":36},"end":{"line":155,"column":44}},"23":{"start":{"line":157,"column":8},"end":{"line":159,"column":9}},"24":{"start":{"line":158,"column":12},"end":{"line":158,"column":86}},"25":{"start":{"line":161,"column":27},"end":{"line":164,"column":9}},"26":{"start":{"line":166,"column":8},"end":{"line":168,"column":9}},"27":{"start":{"line":167,"column":12},"end":{"line":167,"column":74}},"28":{"start":{"line":170,"column":21},"end":{"line":170,"column":39}},"29":{"start":{"line":172,"column":32},"end":{"line":172,"column":82}},"30":{"start":{"line":174,"column":8},"end":{"line":176,"column":9}},"31":{"start":{"line":175,"column":12},"end":{"line":175,"column":74}},"32":{"start":{"line":178,"column":22},"end":{"line":182,"column":9}},"33":{"start":{"line":184,"column":8},"end":{"line":192,"column":11}},"34":{"start":{"line":195,"column":8},"end":{"line":195,"column":45}},"35":{"start":{"line":196,"column":8},"end":{"line":196,"column":65}},"36":{"start":{"line":200,"column":13},"end":{"line":200,"column":42}},"37":{"start":{"line":216,"column":0},"end":{"line":218,"column":3}},"38":{"start":{"line":217,"column":4},"end":{"line":217,"column":58}},"39":{"start":{"line":220,"column":0},"end":{"line":227,"column":3}},"40":{"start":{"line":221,"column":18},"end":{"line":225,"column":5}},"41":{"start":{"line":226,"column":4},"end":{"line":226,"column":24}},"42":{"start":{"line":230,"column":0},"end":{"line":230,"column":24}}},"fnMap":{"0":{"name":"(anonymous_0)","decl":{"start":{"line":59,"column":25},"end":{"line":59,"column":26}},"loc":{"start":{"line":59,"column":45},"end":{"line":104,"column":1}},"line":59},"1":{"name":"(anonymous_1)","decl":{"start":{"line":153,"column":22},"end":{"line":153,"column":23}},"loc":{"start":{"line":153,"column":42},"end":{"line":198,"column":1}},"line":153},"2":{"name":"(anonymous_2)","decl":{"start":{"line":216,"column":28},"end":{"line":216,"column":29}},"loc":{"start":{"line":216,"column":42},"end":{"line":218,"column":1}},"line":216},"3":{"name":"(anonymous_3)","decl":{"start":{"line":220,"column":30},"end":{"line":220,"column":31}},"loc":{"start":{"line":220,"column":44},"end":{"line":227,"column":1}},"line":220}},"branchMap":{"0":{"loc":{"start":{"line":63,"column":8},"end":{"line":65,"column":9}},"type":"if","locations":[{"start":{"line":63,"column":8},"end":{"line":65,"column":9}},{"start":{},"end":{}}],"line":63},"1":{"loc":{"start":{"line":63,"column":12},"end":{"line":63,"column":31}},"type":"binary-expr","locations":[{"start":{"line":63,"column":12},"end":{"line":63,"column":18}},{"start":{"line":63,"column":22},"end":{"line":63,"column":31}}],"line":63},"2":{"loc":{"start":{"line":72,"column":8},"end":{"line":74,"column":9}},"type":"if","locations":[{"start":{"line":72,"column":8},"end":{"line":74,"column":9}},{"start":{},"end":{}}],"line":72},"3":{"loc":{"start":{"line":81,"column":34},"end":{"line":81,"column":50}},"type":"binary-expr","locations":[{"start":{"line":81,"column":34},"end":{"line":81,"column":42}},{"start":{"line":81,"column":46},"end":{"line":81,"column":50}}],"line":81},"4":{"loc":{"start":{"line":157,"column":8},"end":{"line":159,"column":9}},"type":"if","locations":[{"start":{"line":157,"column":8},"end":{"line":159,"column":9}},{"start":{},"end":{}}],"line":157},"5":{"loc":{"start":{"line":157,"column":12},"end":{"line":157,"column":31}},"type":"binary-expr","locations":[{"start":{"line":157,"column":12},"end":{"line":157,"column":18}},{"start":{"line":157,"column":22},"end":{"line":157,"column":31}}],"line":157},"6":{"loc":{"start":{"line":166,"column":8},"end":{"line":168,"column":9}},"type":"if","locations":[{"start":{"line":166,"column":8},"end":{"line":168,"column":9}},{"start":{},"end":{}}],"line":166},"7":{"loc":{"start":{"line":174,"column":8},"end":{"line":176,"column":9}},"type":"if","locations":[{"start":{"line":174,"column":8},"end":{"line":176,"column":9}},{"start":{},"end":{}}],"line":174}},"s":{"0":1,"1":1,"2":1,"3":1,"4":1,"5":1,"6":3,"7":3,"8":3,"9":0,"10":3,"11":3,"12":3,"13":0,"14":0,"15":0,"16":0,"17":0,"18":0,"19":0,"20":1,"21":3,"22":3,"23":3,"24":0,"25":3,"26":3,"27":0,"28":3,"29":3,"30":3,"31":3,"32":0,"33":0,"34":0,"35":0,"36":1,"37":1,"38":0,"39":1,"40":0,"41":0,"42":1},"f":{"0":3,"1":3,"2":0,"3":0},"b":{"0":[0,3],"1":[3,3],"2":[3,0],"3":[0,0],"4":[0,3],"5":[3,3],"6":[0,3],"7":[3,0]},"_coverageSchema":"1a1c01bbd47fc00a2c39e90264f33305004495a9","hash":"b70f0adbc0593a66193604c6a45b894786d749e2"}
,"/Users/firewall/Documents/sem3/skychart/routes/chats.js": {"path":"/Users/firewall/Documents/sem3/skychart/routes/chats.js","statementMap":{"0":{"start":{"line":1,"column":16},"end":{"line":1,"column":34}},"1":{"start":{"line":2,"column":13},"end":{"line":2,"column":42}},"2":{"start":{"line":3,"column":15},"end":{"line":3,"column":31}},"3":{"start":{"line":4,"column":13},"end":{"line":4,"column":42}},"4":{"start":{"line":47,"column":0},"end":{"line":128,"column":3}},"5":{"start":{"line":48,"column":4},"end":{"line":127,"column":5}},"6":{"start":{"line":49,"column":23},"end":{"line":49,"column":34}},"7":{"start":{"line":50,"column":28},"end":{"line":68,"column":9}},"8":{"start":{"line":70,"column":27},"end":{"line":75,"column":9}},"9":{"start":{"line":77,"column":8},"end":{"line":84,"column":9}},"10":{"start":{"line":78,"column":12},"end":{"line":83,"column":14}},"11":{"start":{"line":86,"column":36},"end":{"line":93,"column":9}},"12":{"start":{"line":95,"column":33},"end":{"line":102,"column":9}},"13":{"start":{"line":104,"column":31},"end":{"line":117,"column":10}},"14":{"start":{"line":105,"column":30},"end":{"line":107,"column":93}},"15":{"start":{"line":109,"column":12},"end":{"line":116,"column":14}},"16":{"start":{"line":119,"column":8},"end":{"line":122,"column":11}},"17":{"start":{"line":125,"column":8},"end":{"line":125,"column":49}},"18":{"start":{"line":126,"column":8},"end":{"line":126,"column":65}},"19":{"start":{"line":191,"column":0},"end":{"line":267,"column":3}},"20":{"start":{"line":192,"column":4},"end":{"line":266,"column":5}},"21":{"start":{"line":193,"column":23},"end":{"line":193,"column":34}},"22":{"start":{"line":194,"column":35},"end":{"line":194,"column":43}},"23":{"start":{"line":196,"column":8},"end":{"line":198,"column":9}},"24":{"start":{"line":197,"column":12},"end":{"line":197,"column":81}},"25":{"start":{"line":200,"column":8},"end":{"line":202,"column":9}},"26":{"start":{"line":201,"column":12},"end":{"line":201,"column":87}},"27":{"start":{"line":204,"column":27},"end":{"line":207,"column":9}},"28":{"start":{"line":209,"column":8},"end":{"line":211,"column":9}},"29":{"start":{"line":210,"column":12},"end":{"line":210,"column":69}},"30":{"start":{"line":213,"column":29},"end":{"line":218,"column":9}},"31":{"start":{"line":220,"column":8},"end":{"line":245,"column":9}},"32":{"start":{"line":221,"column":25},"end":{"line":221,"column":45}},"33":{"start":{"line":223,"column":12},"end":{"line":231,"column":13}},"34":{"start":{"line":224,"column":16},"end":{"line":224,"column":47}},"35":{"start":{"line":226,"column":36},"end":{"line":229,"column":17}},"36":{"start":{"line":230,"column":16},"end":{"line":230,"column":48}},"37":{"start":{"line":232,"column":12},"end":{"line":234,"column":13}},"38":{"start":{"line":233,"column":16},"end":{"line":233,"column":79}},"39":{"start":{"line":236,"column":12},"end":{"line":244,"column":15}},"40":{"start":{"line":246,"column":24},"end":{"line":251,"column":9}},"41":{"start":{"line":253,"column":8},"end":{"line":261,"column":11}},"42":{"start":{"line":264,"column":8},"end":{"line":264,"column":51}},"43":{"start":{"line":265,"column":8},"end":{"line":265,"column":65}},"44":{"start":{"line":310,"column":0},"end":{"line":385,"column":3}},"45":{"start":{"line":311,"column":4},"end":{"line":384,"column":5}},"46":{"start":{"line":312,"column":23},"end":{"line":312,"column":36}},"47":{"start":{"line":313,"column":23},"end":{"line":313,"column":34}},"48":{"start":{"line":314,"column":8},"end":{"line":379,"column":9}},"49":{"start":{"line":315,"column":35},"end":{"line":315,"column":66}},"50":{"start":{"line":316,"column":33},"end":{"line":319,"column":13}},"51":{"start":{"line":321,"column":12},"end":{"line":323,"column":13}},"52":{"start":{"line":322,"column":16},"end":{"line":322,"column":72}},"53":{"start":{"line":324,"column":29},"end":{"line":337,"column":13}},"54":{"start":{"line":339,"column":12},"end":{"line":339,"column":80}},"55":{"start":{"line":342,"column":25},"end":{"line":345,"column":13}},"56":{"start":{"line":347,"column":12},"end":{"line":349,"column":13}},"57":{"start":{"line":348,"column":16},"end":{"line":348,"column":73}},"58":{"start":{"line":351,"column":29},"end":{"line":351,"column":41}},"59":{"start":{"line":352,"column":12},"end":{"line":354,"column":13}},"60":{"start":{"line":353,"column":16},"end":{"line":353,"column":72}},"61":{"start":{"line":356,"column":29},"end":{"line":369,"column":13}},"62":{"start":{"line":371,"column":12},"end":{"line":376,"column":14}},"63":{"start":{"line":378,"column":12},"end":{"line":378,"column":76}},"64":{"start":{"line":382,"column":8},"end":{"line":382,"column":52}},"65":{"start":{"line":383,"column":8},"end":{"line":383,"column":65}},"66":{"start":{"line":443,"column":0},"end":{"line":513,"column":3}},"67":{"start":{"line":444,"column":4},"end":{"line":512,"column":5}},"68":{"start":{"line":445,"column":23},"end":{"line":445,"column":36}},"69":{"start":{"line":446,"column":23},"end":{"line":446,"column":34}},"70":{"start":{"line":447,"column":28},"end":{"line":447,"column":36}},"71":{"start":{"line":449,"column":8},"end":{"line":451,"column":9}},"72":{"start":{"line":450,"column":12},"end":{"line":450,"column":82}},"73":{"start":{"line":455,"column":8},"end":{"line":495,"column":9}},"74":{"start":{"line":456,"column":35},"end":{"line":456,"column":66}},"75":{"start":{"line":458,"column":33},"end":{"line":461,"column":13}},"76":{"start":{"line":463,"column":12},"end":{"line":465,"column":13}},"77":{"start":{"line":464,"column":16},"end":{"line":464,"column":72}},"78":{"start":{"line":467,"column":12},"end":{"line":472,"column":14}},"79":{"start":{"line":475,"column":25},"end":{"line":478,"column":13}},"80":{"start":{"line":480,"column":12},"end":{"line":482,"column":13}},"81":{"start":{"line":481,"column":16},"end":{"line":481,"column":73}},"82":{"start":{"line":484,"column":29},"end":{"line":484,"column":41}},"83":{"start":{"line":485,"column":12},"end":{"line":487,"column":13}},"84":{"start":{"line":486,"column":16},"end":{"line":486,"column":72}},"85":{"start":{"line":489,"column":12},"end":{"line":494,"column":14}},"86":{"start":{"line":497,"column":23},"end":{"line":500,"column":9}},"87":{"start":{"line":502,"column":8},"end":{"line":507,"column":11}},"88":{"start":{"line":510,"column":8},"end":{"line":510,"column":52}},"89":{"start":{"line":511,"column":8},"end":{"line":511,"column":65}},"90":{"start":{"line":550,"column":0},"end":{"line":573,"column":3}},"91":{"start":{"line":551,"column":4},"end":{"line":572,"column":5}},"92":{"start":{"line":552,"column":22},"end":{"line":552,"column":31}},"93":{"start":{"line":553,"column":23},"end":{"line":553,"column":34}},"94":{"start":{"line":555,"column":8},"end":{"line":557,"column":9}},"95":{"start":{"line":556,"column":12},"end":{"line":556,"column":43}},"96":{"start":{"line":559,"column":22},"end":{"line":565,"column":9}},"97":{"start":{"line":567,"column":8},"end":{"line":567,"column":40}},"98":{"start":{"line":570,"column":8},"end":{"line":570,"column":52}},"99":{"start":{"line":571,"column":8},"end":{"line":571,"column":65}},"100":{"start":{"line":575,"column":0},"end":{"line":575,"column":24}}},"fnMap":{"0":{"name":"(anonymous_0)","decl":{"start":{"line":47,"column":22},"end":{"line":47,"column":23}},"loc":{"start":{"line":47,"column":42},"end":{"line":128,"column":1}},"line":47},"1":{"name":"(anonymous_1)","decl":{"start":{"line":104,"column":52},"end":{"line":104,"column":53}},"loc":{"start":{"line":104,"column":60},"end":{"line":117,"column":9}},"line":104},"2":{"name":"(anonymous_2)","decl":{"start":{"line":191,"column":23},"end":{"line":191,"column":24}},"loc":{"start":{"line":191,"column":43},"end":{"line":267,"column":1}},"line":191},"3":{"name":"(anonymous_3)","decl":{"start":{"line":310,"column":34},"end":{"line":310,"column":35}},"loc":{"start":{"line":310,"column":54},"end":{"line":385,"column":1}},"line":310},"4":{"name":"(anonymous_4)","decl":{"start":{"line":443,"column":35},"end":{"line":443,"column":36}},"loc":{"start":{"line":443,"column":55},"end":{"line":513,"column":1}},"line":443},"5":{"name":"(anonymous_5)","decl":{"start":{"line":550,"column":34},"end":{"line":550,"column":35}},"loc":{"start":{"line":550,"column":54},"end":{"line":573,"column":1}},"line":550}},"branchMap":{"0":{"loc":{"start":{"line":77,"column":8},"end":{"line":84,"column":9}},"type":"if","locations":[{"start":{"line":77,"column":8},"end":{"line":84,"column":9}},{"start":{},"end":{}}],"line":77},"1":{"loc":{"start":{"line":105,"column":30},"end":{"line":107,"column":93}},"type":"cond-expr","locations":[{"start":{"line":106,"column":16},"end":{"line":106,"column":93}},{"start":{"line":107,"column":16},"end":{"line":107,"column":93}}],"line":105},"2":{"loc":{"start":{"line":196,"column":8},"end":{"line":198,"column":9}},"type":"if","locations":[{"start":{"line":196,"column":8},"end":{"line":198,"column":9}},{"start":{},"end":{}}],"line":196},"3":{"loc":{"start":{"line":200,"column":8},"end":{"line":202,"column":9}},"type":"if","locations":[{"start":{"line":200,"column":8},"end":{"line":202,"column":9}},{"start":{},"end":{}}],"line":200},"4":{"loc":{"start":{"line":209,"column":8},"end":{"line":211,"column":9}},"type":"if","locations":[{"start":{"line":209,"column":8},"end":{"line":211,"column":9}},{"start":{},"end":{}}],"line":209},"5":{"loc":{"start":{"line":220,"column":8},"end":{"line":245,"column":9}},"type":"if","locations":[{"start":{"line":220,"column":8},"end":{"line":245,"column":9}},{"start":{},"end":{}}],"line":220},"6":{"loc":{"start":{"line":223,"column":12},"end":{"line":231,"column":13}},"type":"if","locations":[{"start":{"line":223,"column":12},"end":{"line":231,"column":13}},{"start":{"line":225,"column":19},"end":{"line":231,"column":13}}],"line":223},"7":{"loc":{"start":{"line":232,"column":12},"end":{"line":234,"column":13}},"type":"if","locations":[{"start":{"line":232,"column":12},"end":{"line":234,"column":13}},{"start":{},"end":{}}],"line":232},"8":{"loc":{"start":{"line":314,"column":8},"end":{"line":379,"column":9}},"type":"if","locations":[{"start":{"line":314,"column":8},"end":{"line":379,"column":9}},{"start":{"line":341,"column":15},"end":{"line":379,"column":9}}],"line":314},"9":{"loc":{"start":{"line":321,"column":12},"end":{"line":323,"column":13}},"type":"if","locations":[{"start":{"line":321,"column":12},"end":{"line":323,"column":13}},{"start":{},"end":{}}],"line":321},"10":{"loc":{"start":{"line":321,"column":16},"end":{"line":321,"column":89}},"type":"binary-expr","locations":[{"start":{"line":321,"column":16},"end":{"line":321,"column":46}},{"start":{"line":321,"column":50},"end":{"line":321,"column":89}}],"line":321},"11":{"loc":{"start":{"line":347,"column":12},"end":{"line":349,"column":13}},"type":"if","locations":[{"start":{"line":347,"column":12},"end":{"line":349,"column":13}},{"start":{},"end":{}}],"line":347},"12":{"loc":{"start":{"line":352,"column":12},"end":{"line":354,"column":13}},"type":"if","locations":[{"start":{"line":352,"column":12},"end":{"line":354,"column":13}},{"start":{},"end":{}}],"line":352},"13":{"loc":{"start":{"line":352,"column":16},"end":{"line":352,"column":76}},"type":"binary-expr","locations":[{"start":{"line":352,"column":16},"end":{"line":352,"column":44}},{"start":{"line":352,"column":48},"end":{"line":352,"column":76}}],"line":352},"14":{"loc":{"start":{"line":449,"column":8},"end":{"line":451,"column":9}},"type":"if","locations":[{"start":{"line":449,"column":8},"end":{"line":451,"column":9}},{"start":{},"end":{}}],"line":449},"15":{"loc":{"start":{"line":449,"column":12},"end":{"line":449,"column":45}},"type":"binary-expr","locations":[{"start":{"line":449,"column":12},"end":{"line":449,"column":20}},{"start":{"line":449,"column":24},"end":{"line":449,"column":45}}],"line":449},"16":{"loc":{"start":{"line":455,"column":8},"end":{"line":495,"column":9}},"type":"if","locations":[{"start":{"line":455,"column":8},"end":{"line":495,"column":9}},{"start":{"line":474,"column":15},"end":{"line":495,"column":9}}],"line":455},"17":{"loc":{"start":{"line":463,"column":12},"end":{"line":465,"column":13}},"type":"if","locations":[{"start":{"line":463,"column":12},"end":{"line":465,"column":13}},{"start":{},"end":{}}],"line":463},"18":{"loc":{"start":{"line":463,"column":16},"end":{"line":463,"column":89}},"type":"binary-expr","locations":[{"start":{"line":463,"column":16},"end":{"line":463,"column":46}},{"start":{"line":463,"column":50},"end":{"line":463,"column":89}}],"line":463},"19":{"loc":{"start":{"line":480,"column":12},"end":{"line":482,"column":13}},"type":"if","locations":[{"start":{"line":480,"column":12},"end":{"line":482,"column":13}},{"start":{},"end":{}}],"line":480},"20":{"loc":{"start":{"line":485,"column":12},"end":{"line":487,"column":13}},"type":"if","locations":[{"start":{"line":485,"column":12},"end":{"line":487,"column":13}},{"start":{},"end":{}}],"line":485},"21":{"loc":{"start":{"line":485,"column":16},"end":{"line":485,"column":76}},"type":"binary-expr","locations":[{"start":{"line":485,"column":16},"end":{"line":485,"column":44}},{"start":{"line":485,"column":48},"end":{"line":485,"column":76}}],"line":485},"22":{"loc":{"start":{"line":555,"column":8},"end":{"line":557,"column":9}},"type":"if","locations":[{"start":{"line":555,"column":8},"end":{"line":557,"column":9}},{"start":{},"end":{}}],"line":555},"23":{"loc":{"start":{"line":555,"column":12},"end":{"line":555,"column":30}},"type":"binary-expr","locations":[{"start":{"line":555,"column":12},"end":{"line":555,"column":14}},{"start":{"line":555,"column":18},"end":{"line":555,"column":30}}],"line":555}},"s":{"0":1,"1":1,"2":1,"3":1,"4":1,"5":0,"6":0,"7":0,"8":0,"9":0,"10":0,"11":0,"12":0,"13":0,"14":0,"15":0,"16":0,"17":0,"18":0,"19":1,"20":0,"21":0,"22":0,"23":0,"24":0,"25":0,"26":0,"27":0,"28":0,"29":0,"30":0,"31":0,"32":0,"33":0,"34":0,"35":0,"36":0,"37":0,"38":0,"39":0,"40":0,"41":0,"42":0,"43":0,"44":1,"45":0,"46":0,"47":0,"48":0,"49":0,"50":0,"51":0,"52":0,"53":0,"54":0,"55":0,"56":0,"57":0,"58":0,"59":0,"60":0,"61":0,"62":0,"63":0,"64":0,"65":0,"66":1,"67":0,"68":0,"69":0,"70":0,"71":0,"72":0,"73":0,"74":0,"75":0,"76":0,"77":0,"78":0,"79":0,"80":0,"81":0,"82":0,"83":0,"84":0,"85":0,"86":0,"87":0,"88":0,"89":0,"90":1,"91":0,"92":0,"93":0,"94":0,"95":0,"96":0,"97":0,"98":0,"99":0,"100":1},"f":{"0":0,"1":0,"2":0,"3":0,"4":0,"5":0},"b":{"0":[0,0],"1":[0,0],"2":[0,0],"3":[0,0],"4":[0,0],"5":[0,0],"6":[0,0],"7":[0,0],"8":[0,0],"9":[0,0],"10":[0,0],"11":[0,0],"12":[0,0],"13":[0,0],"14":[0,0],"15":[0,0],"16":[0,0],"17":[0,0],"18":[0,0],"19":[0,0],"20":[0,0],"21":[0,0],"22":[0,0],"23":[0,0]},"_coverageSchema":"1a1c01bbd47fc00a2c39e90264f33305004495a9","hash":"57355a8278b871b61f6334efefcf9e8d5bc4f139"}
,"/Users/firewall/Documents/sem3/skychart/routes/skycharts.js": {"path":"/Users/firewall/Documents/sem3/skychart/routes/skycharts.js","statementMap":{"0":{"start":{"line":1,"column":16},"end":{"line":1,"column":34}},"1":{"start":{"line":2,"column":13},"end":{"line":2,"column":42}},"2":{"start":{"line":3,"column":15},"end":{"line":3,"column":31}},"3":{"start":{"line":4,"column":13},"end":{"line":4,"column":42}},"4":{"start":{"line":5,"column":15},"end":{"line":5,"column":46}},"5":{"start":{"line":6,"column":11},"end":{"line":6,"column":33}},"6":{"start":{"line":7,"column":13},"end":{"line":7,"column":28}},"7":{"start":{"line":9,"column":30},"end":{"line":101,"column":1}},"8":{"start":{"line":10,"column":19},"end":{"line":10,"column":39}},"9":{"start":{"line":12,"column":4},"end":{"line":100,"column":5}},"10":{"start":{"line":13,"column":23},"end":{"line":13,"column":34}},"11":{"start":{"line":14,"column":26},"end":{"line":14,"column":34}},"12":{"start":{"line":15,"column":25},"end":{"line":15,"column":85}},"13":{"start":{"line":16,"column":25},"end":{"line":16,"column":74}},"14":{"start":{"line":18,"column":21},"end":{"line":18,"column":23}},"15":{"start":{"line":19,"column":8},"end":{"line":28,"column":9}},"16":{"start":{"line":20,"column":12},"end":{"line":27,"column":13}},"17":{"start":{"line":21,"column":37},"end":{"line":21,"column":64}},"18":{"start":{"line":22,"column":16},"end":{"line":24,"column":17}},"19":{"start":{"line":23,"column":20},"end":{"line":23,"column":42}},"20":{"start":{"line":26,"column":16},"end":{"line":26,"column":80}},"21":{"start":{"line":30,"column":8},"end":{"line":32,"column":9}},"22":{"start":{"line":31,"column":12},"end":{"line":31,"column":72}},"23":{"start":{"line":34,"column":8},"end":{"line":34,"column":36}},"24":{"start":{"line":36,"column":31},"end":{"line":41,"column":9}},"25":{"start":{"line":43,"column":25},"end":{"line":43,"column":47}},"26":{"start":{"line":45,"column":8},"end":{"line":68,"column":9}},"27":{"start":{"line":46,"column":33},"end":{"line":46,"column":35}},"28":{"start":{"line":47,"column":27},"end":{"line":47,"column":29}},"29":{"start":{"line":49,"column":12},"end":{"line":61,"column":15}},"30":{"start":{"line":50,"column":29},"end":{"line":50,"column":38}},"31":{"start":{"line":51,"column":16},"end":{"line":57,"column":18}},"32":{"start":{"line":58,"column":16},"end":{"line":60,"column":18}},"33":{"start":{"line":63,"column":12},"end":{"line":67,"column":14}},"34":{"start":{"line":70,"column":8},"end":{"line":70,"column":37}},"35":{"start":{"line":72,"column":29},"end":{"line":78,"column":9}},"36":{"start":{"line":80,"column":8},"end":{"line":86,"column":11}},"37":{"start":{"line":88,"column":8},"end":{"line":88,"column":39}},"38":{"start":{"line":89,"column":8},"end":{"line":89,"column":55}},"39":{"start":{"line":91,"column":8},"end":{"line":95,"column":9}},"40":{"start":{"line":92,"column":12},"end":{"line":94,"column":15}},"41":{"start":{"line":93,"column":16},"end":{"line":93,"column":68}},"42":{"start":{"line":93,"column":25},"end":{"line":93,"column":68}},"43":{"start":{"line":97,"column":8},"end":{"line":97,"column":65}},"44":{"start":{"line":99,"column":8},"end":{"line":99,"column":25}},"45":{"start":{"line":151,"column":0},"end":{"line":151,"column":70}},"46":{"start":{"line":152,"column":0},"end":{"line":152,"column":76}},"47":{"start":{"line":173,"column":0},"end":{"line":197,"column":3}},"48":{"start":{"line":174,"column":4},"end":{"line":196,"column":5}},"49":{"start":{"line":175,"column":23},"end":{"line":190,"column":9}},"50":{"start":{"line":192,"column":8},"end":{"line":192,"column":45}},"51":{"start":{"line":194,"column":8},"end":{"line":194,"column":60}},"52":{"start":{"line":195,"column":8},"end":{"line":195,"column":65}},"53":{"start":{"line":222,"column":0},"end":{"line":249,"column":3}},"54":{"start":{"line":223,"column":4},"end":{"line":248,"column":5}},"55":{"start":{"line":224,"column":23},"end":{"line":224,"column":34}},"56":{"start":{"line":226,"column":23},"end":{"line":242,"column":9}},"57":{"start":{"line":244,"column":8},"end":{"line":244,"column":45}},"58":{"start":{"line":246,"column":8},"end":{"line":246,"column":56}},"59":{"start":{"line":247,"column":8},"end":{"line":247,"column":65}},"60":{"start":{"line":277,"column":0},"end":{"line":320,"column":3}},"61":{"start":{"line":278,"column":4},"end":{"line":319,"column":5}},"62":{"start":{"line":279,"column":24},"end":{"line":279,"column":37}},"63":{"start":{"line":281,"column":28},"end":{"line":296,"column":9}},"64":{"start":{"line":298,"column":8},"end":{"line":300,"column":9}},"65":{"start":{"line":299,"column":12},"end":{"line":299,"column":73}},"66":{"start":{"line":302,"column":29},"end":{"line":308,"column":9}},"67":{"start":{"line":310,"column":8},"end":{"line":315,"column":11}},"68":{"start":{"line":317,"column":8},"end":{"line":317,"column":58}},"69":{"start":{"line":318,"column":8},"end":{"line":318,"column":65}},"70":{"start":{"line":353,"column":0},"end":{"line":419,"column":3}},"71":{"start":{"line":354,"column":19},"end":{"line":354,"column":39}},"72":{"start":{"line":356,"column":4},"end":{"line":418,"column":5}},"73":{"start":{"line":357,"column":24},"end":{"line":357,"column":37}},"74":{"start":{"line":358,"column":23},"end":{"line":358,"column":34}},"75":{"start":{"line":360,"column":28},"end":{"line":365,"column":9}},"76":{"start":{"line":367,"column":8},"end":{"line":369,"column":9}},"77":{"start":{"line":368,"column":12},"end":{"line":368,"column":73}},"78":{"start":{"line":371,"column":8},"end":{"line":373,"column":9}},"79":{"start":{"line":372,"column":12},"end":{"line":372,"column":83}},"80":{"start":{"line":375,"column":25},"end":{"line":375,"column":54}},"81":{"start":{"line":377,"column":8},"end":{"line":377,"column":36}},"82":{"start":{"line":379,"column":8},"end":{"line":383,"column":10}},"83":{"start":{"line":385,"column":8},"end":{"line":385,"column":37}},"84":{"start":{"line":387,"column":8},"end":{"line":406,"column":9}},"85":{"start":{"line":388,"column":12},"end":{"line":405,"column":13}},"86":{"start":{"line":389,"column":33},"end":{"line":389,"column":56}},"87":{"start":{"line":390,"column":33},"end":{"line":390,"column":77}},"88":{"start":{"line":392,"column":16},"end":{"line":402,"column":17}},"89":{"start":{"line":393,"column":20},"end":{"line":393,"column":46}},"90":{"start":{"line":394,"column":20},"end":{"line":394,"column":46}},"91":{"start":{"line":395,"column":20},"end":{"line":395,"column":72}},"92":{"start":{"line":397,"column":20},"end":{"line":401,"column":21}},"93":{"start":{"line":398,"column":24},"end":{"line":398,"column":67}},"94":{"start":{"line":400,"column":24},"end":{"line":400,"column":79}},"95":{"start":{"line":404,"column":16},"end":{"line":404,"column":72}},"96":{"start":{"line":408,"column":8},"end":{"line":410,"column":11}},"97":{"start":{"line":413,"column":8},"end":{"line":413,"column":39}},"98":{"start":{"line":414,"column":8},"end":{"line":414,"column":55}},"99":{"start":{"line":415,"column":8},"end":{"line":415,"column":65}},"100":{"start":{"line":417,"column":8},"end":{"line":417,"column":25}},"101":{"start":{"line":421,"column":0},"end":{"line":507,"column":3}},"102":{"start":{"line":422,"column":4},"end":{"line":506,"column":5}},"103":{"start":{"line":423,"column":24},"end":{"line":423,"column":37}},"104":{"start":{"line":424,"column":31},"end":{"line":424,"column":39}},"105":{"start":{"line":425,"column":23},"end":{"line":425,"column":34}},"106":{"start":{"line":427,"column":28},"end":{"line":441,"column":9}},"107":{"start":{"line":443,"column":8},"end":{"line":445,"column":9}},"108":{"start":{"line":444,"column":12},"end":{"line":444,"column":73}},"109":{"start":{"line":447,"column":22},"end":{"line":447,"column":41}},"110":{"start":{"line":448,"column":23},"end":{"line":448,"column":58}},"111":{"start":{"line":450,"column":22},"end":{"line":450,"column":23}},"112":{"start":{"line":451,"column":24},"end":{"line":451,"column":25}},"113":{"start":{"line":452,"column":33},"end":{"line":452,"column":35}},"114":{"start":{"line":454,"column":8},"end":{"line":484,"column":11}},"115":{"start":{"line":455,"column":34},"end":{"line":455,"column":54}},"116":{"start":{"line":456,"column":28},"end":{"line":456,"column":33}},"117":{"start":{"line":458,"column":12},"end":{"line":465,"column":13}},"118":{"start":{"line":459,"column":33},"end":{"line":462,"column":17}},"119":{"start":{"line":464,"column":16},"end":{"line":464,"column":53}},"120":{"start":{"line":467,"column":12},"end":{"line":471,"column":13}},"121":{"start":{"line":468,"column":16},"end":{"line":468,"column":26}},"122":{"start":{"line":470,"column":16},"end":{"line":470,"column":28}},"123":{"start":{"line":473,"column":12},"end":{"line":483,"column":14}},"124":{"start":{"line":486,"column":22},"end":{"line":486,"column":35}},"125":{"start":{"line":487,"column":22},"end":{"line":487,"column":73}},"126":{"start":{"line":489,"column":8},"end":{"line":493,"column":10}},"127":{"start":{"line":495,"column":8},"end":{"line":501,"column":11}},"128":{"start":{"line":504,"column":8},"end":{"line":504,"column":56}},"129":{"start":{"line":505,"column":8},"end":{"line":505,"column":65}},"130":{"start":{"line":509,"column":0},"end":{"line":629,"column":3}},"131":{"start":{"line":510,"column":19},"end":{"line":510,"column":39}},"132":{"start":{"line":512,"column":4},"end":{"line":628,"column":5}},"133":{"start":{"line":513,"column":27},"end":{"line":513,"column":40}},"134":{"start":{"line":514,"column":23},"end":{"line":514,"column":34}},"135":{"start":{"line":515,"column":26},"end":{"line":515,"column":34}},"136":{"start":{"line":517,"column":30},"end":{"line":520,"column":9}},"137":{"start":{"line":522,"column":8},"end":{"line":524,"column":9}},"138":{"start":{"line":523,"column":12},"end":{"line":523,"column":73}},"139":{"start":{"line":526,"column":8},"end":{"line":528,"column":9}},"140":{"start":{"line":527,"column":12},"end":{"line":527,"column":83}},"141":{"start":{"line":530,"column":21},"end":{"line":530,"column":23}},"142":{"start":{"line":531,"column":8},"end":{"line":540,"column":9}},"143":{"start":{"line":532,"column":12},"end":{"line":539,"column":13}},"144":{"start":{"line":533,"column":37},"end":{"line":533,"column":64}},"145":{"start":{"line":534,"column":16},"end":{"line":536,"column":17}},"146":{"start":{"line":535,"column":20},"end":{"line":535,"column":42}},"147":{"start":{"line":538,"column":16},"end":{"line":538,"column":80}},"148":{"start":{"line":542,"column":8},"end":{"line":544,"column":9}},"149":{"start":{"line":543,"column":12},"end":{"line":543,"column":72}},"150":{"start":{"line":545,"column":23},"end":{"line":545,"column":54}},"151":{"start":{"line":546,"column":8},"end":{"line":557,"column":9}},"152":{"start":{"line":547,"column":12},"end":{"line":547,"column":55}},"153":{"start":{"line":548,"column":12},"end":{"line":556,"column":13}},"154":{"start":{"line":549,"column":16},"end":{"line":555,"column":17}},"155":{"start":{"line":550,"column":40},"end":{"line":550,"column":86}},"156":{"start":{"line":551,"column":40},"end":{"line":551,"column":87}},"157":{"start":{"line":552,"column":20},"end":{"line":552,"column":65}},"158":{"start":{"line":554,"column":20},"end":{"line":554,"column":74}},"159":{"start":{"line":559,"column":8},"end":{"line":559,"column":36}},"160":{"start":{"line":560,"column":31},"end":{"line":566,"column":9}},"161":{"start":{"line":568,"column":25},"end":{"line":568,"column":47}},"162":{"start":{"line":569,"column":8},"end":{"line":572,"column":10}},"163":{"start":{"line":574,"column":8},"end":{"line":597,"column":9}},"164":{"start":{"line":575,"column":33},"end":{"line":575,"column":35}},"165":{"start":{"line":576,"column":27},"end":{"line":576,"column":29}},"166":{"start":{"line":578,"column":12},"end":{"line":590,"column":15}},"167":{"start":{"line":579,"column":29},"end":{"line":579,"column":38}},"168":{"start":{"line":580,"column":16},"end":{"line":586,"column":18}},"169":{"start":{"line":587,"column":16},"end":{"line":589,"column":18}},"170":{"start":{"line":592,"column":12},"end":{"line":596,"column":14}},"171":{"start":{"line":599,"column":8},"end":{"line":599,"column":37}},"172":{"start":{"line":600,"column":29},"end":{"line":606,"column":9}},"173":{"start":{"line":608,"column":8},"end":{"line":614,"column":11}},"174":{"start":{"line":617,"column":8},"end":{"line":617,"column":39}},"175":{"start":{"line":618,"column":8},"end":{"line":618,"column":55}},"176":{"start":{"line":619,"column":8},"end":{"line":623,"column":9}},"177":{"start":{"line":620,"column":12},"end":{"line":622,"column":15}},"178":{"start":{"line":621,"column":16},"end":{"line":621,"column":68}},"179":{"start":{"line":621,"column":25},"end":{"line":621,"column":68}},"180":{"start":{"line":625,"column":8},"end":{"line":625,"column":65}},"181":{"start":{"line":627,"column":8},"end":{"line":627,"column":25}},"182":{"start":{"line":631,"column":0},"end":{"line":631,"column":24}}},"fnMap":{"0":{"name":"(anonymous_0)","decl":{"start":{"line":9,"column":30},"end":{"line":9,"column":31}},"loc":{"start":{"line":9,"column":50},"end":{"line":101,"column":1}},"line":9},"1":{"name":"(anonymous_1)","decl":{"start":{"line":49,"column":27},"end":{"line":49,"column":28}},"loc":{"start":{"line":49,"column":41},"end":{"line":61,"column":13}},"line":49},"2":{"name":"(anonymous_2)","decl":{"start":{"line":92,"column":37},"end":{"line":92,"column":38}},"loc":{"start":{"line":92,"column":46},"end":{"line":94,"column":13}},"line":92},"3":{"name":"(anonymous_3)","decl":{"start":{"line":173,"column":22},"end":{"line":173,"column":23}},"loc":{"start":{"line":173,"column":42},"end":{"line":197,"column":1}},"line":173},"4":{"name":"(anonymous_4)","decl":{"start":{"line":222,"column":24},"end":{"line":222,"column":25}},"loc":{"start":{"line":222,"column":44},"end":{"line":249,"column":1}},"line":222},"5":{"name":"(anonymous_5)","decl":{"start":{"line":277,"column":19},"end":{"line":277,"column":20}},"loc":{"start":{"line":277,"column":39},"end":{"line":320,"column":1}},"line":277},"6":{"name":"(anonymous_6)","decl":{"start":{"line":353,"column":28},"end":{"line":353,"column":29}},"loc":{"start":{"line":353,"column":48},"end":{"line":419,"column":1}},"line":353},"7":{"name":"(anonymous_7)","decl":{"start":{"line":421,"column":32},"end":{"line":421,"column":33}},"loc":{"start":{"line":421,"column":52},"end":{"line":507,"column":1}},"line":421},"8":{"name":"(anonymous_8)","decl":{"start":{"line":454,"column":23},"end":{"line":454,"column":24}},"loc":{"start":{"line":454,"column":32},"end":{"line":484,"column":9}},"line":454},"9":{"name":"(anonymous_9)","decl":{"start":{"line":509,"column":49},"end":{"line":509,"column":50}},"loc":{"start":{"line":509,"column":69},"end":{"line":629,"column":1}},"line":509},"10":{"name":"(anonymous_10)","decl":{"start":{"line":552,"column":55},"end":{"line":552,"column":56}},"loc":{"start":{"line":552,"column":61},"end":{"line":552,"column":63}},"line":552},"11":{"name":"(anonymous_11)","decl":{"start":{"line":578,"column":27},"end":{"line":578,"column":28}},"loc":{"start":{"line":578,"column":41},"end":{"line":590,"column":13}},"line":578},"12":{"name":"(anonymous_12)","decl":{"start":{"line":620,"column":37},"end":{"line":620,"column":38}},"loc":{"start":{"line":620,"column":46},"end":{"line":622,"column":13}},"line":620}},"branchMap":{"0":{"loc":{"start":{"line":15,"column":25},"end":{"line":15,"column":85}},"type":"binary-expr","locations":[{"start":{"line":15,"column":25},"end":{"line":15,"column":54}},{"start":{"line":15,"column":58},"end":{"line":15,"column":85}}],"line":15},"1":{"loc":{"start":{"line":16,"column":25},"end":{"line":16,"column":74}},"type":"cond-expr","locations":[{"start":{"line":16,"column":36},"end":{"line":16,"column":67}},{"start":{"line":16,"column":70},"end":{"line":16,"column":74}}],"line":16},"2":{"loc":{"start":{"line":19,"column":8},"end":{"line":28,"column":9}},"type":"if","locations":[{"start":{"line":19,"column":8},"end":{"line":28,"column":9}},{"start":{},"end":{}}],"line":19},"3":{"loc":{"start":{"line":22,"column":16},"end":{"line":24,"column":17}},"type":"if","locations":[{"start":{"line":22,"column":16},"end":{"line":24,"column":17}},{"start":{},"end":{}}],"line":22},"4":{"loc":{"start":{"line":30,"column":8},"end":{"line":32,"column":9}},"type":"if","locations":[{"start":{"line":30,"column":8},"end":{"line":32,"column":9}},{"start":{},"end":{}}],"line":30},"5":{"loc":{"start":{"line":45,"column":8},"end":{"line":68,"column":9}},"type":"if","locations":[{"start":{"line":45,"column":8},"end":{"line":68,"column":9}},{"start":{},"end":{}}],"line":45},"6":{"loc":{"start":{"line":45,"column":12},"end":{"line":45,"column":54}},"type":"binary-expr","locations":[{"start":{"line":45,"column":12},"end":{"line":45,"column":33}},{"start":{"line":45,"column":37},"end":{"line":45,"column":54}}],"line":45},"7":{"loc":{"start":{"line":55,"column":20},"end":{"line":55,"column":50}},"type":"binary-expr","locations":[{"start":{"line":55,"column":20},"end":{"line":55,"column":26}},{"start":{"line":55,"column":30},"end":{"line":55,"column":50}}],"line":55},"8":{"loc":{"start":{"line":91,"column":8},"end":{"line":95,"column":9}},"type":"if","locations":[{"start":{"line":91,"column":8},"end":{"line":95,"column":9}},{"start":{},"end":{}}],"line":91},"9":{"loc":{"start":{"line":91,"column":12},"end":{"line":91,"column":37}},"type":"binary-expr","locations":[{"start":{"line":91,"column":12},"end":{"line":91,"column":20}},{"start":{"line":91,"column":24},"end":{"line":91,"column":37}}],"line":91},"10":{"loc":{"start":{"line":93,"column":16},"end":{"line":93,"column":68}},"type":"if","locations":[{"start":{"line":93,"column":16},"end":{"line":93,"column":68}},{"start":{},"end":{}}],"line":93},"11":{"loc":{"start":{"line":298,"column":8},"end":{"line":300,"column":9}},"type":"if","locations":[{"start":{"line":298,"column":8},"end":{"line":300,"column":9}},{"start":{},"end":{}}],"line":298},"12":{"loc":{"start":{"line":367,"column":8},"end":{"line":369,"column":9}},"type":"if","locations":[{"start":{"line":367,"column":8},"end":{"line":369,"column":9}},{"start":{},"end":{}}],"line":367},"13":{"loc":{"start":{"line":371,"column":8},"end":{"line":373,"column":9}},"type":"if","locations":[{"start":{"line":371,"column":8},"end":{"line":373,"column":9}},{"start":{},"end":{}}],"line":371},"14":{"loc":{"start":{"line":387,"column":8},"end":{"line":406,"column":9}},"type":"if","locations":[{"start":{"line":387,"column":8},"end":{"line":406,"column":9}},{"start":{},"end":{}}],"line":387},"15":{"loc":{"start":{"line":397,"column":20},"end":{"line":401,"column":21}},"type":"if","locations":[{"start":{"line":397,"column":20},"end":{"line":401,"column":21}},{"start":{"line":399,"column":27},"end":{"line":401,"column":21}}],"line":397},"16":{"loc":{"start":{"line":443,"column":8},"end":{"line":445,"column":9}},"type":"if","locations":[{"start":{"line":443,"column":8},"end":{"line":445,"column":9}},{"start":{},"end":{}}],"line":443},"17":{"loc":{"start":{"line":448,"column":23},"end":{"line":448,"column":58}},"type":"cond-expr","locations":[{"start":{"line":448,"column":41},"end":{"line":448,"column":53}},{"start":{"line":448,"column":56},"end":{"line":448,"column":58}}],"line":448},"18":{"loc":{"start":{"line":458,"column":12},"end":{"line":465,"column":13}},"type":"if","locations":[{"start":{"line":458,"column":12},"end":{"line":465,"column":13}},{"start":{},"end":{}}],"line":458},"19":{"loc":{"start":{"line":467,"column":12},"end":{"line":471,"column":13}},"type":"if","locations":[{"start":{"line":467,"column":12},"end":{"line":471,"column":13}},{"start":{"line":469,"column":19},"end":{"line":471,"column":13}}],"line":467},"20":{"loc":{"start":{"line":479,"column":26},"end":{"line":482,"column":24}},"type":"cond-expr","locations":[{"start":{"line":479,"column":42},"end":{"line":482,"column":17}},{"start":{"line":482,"column":20},"end":{"line":482,"column":24}}],"line":479},"21":{"loc":{"start":{"line":487,"column":22},"end":{"line":487,"column":73}},"type":"cond-expr","locations":[{"start":{"line":487,"column":34},"end":{"line":487,"column":69}},{"start":{"line":487,"column":72},"end":{"line":487,"column":73}}],"line":487},"22":{"loc":{"start":{"line":522,"column":8},"end":{"line":524,"column":9}},"type":"if","locations":[{"start":{"line":522,"column":8},"end":{"line":524,"column":9}},{"start":{},"end":{}}],"line":522},"23":{"loc":{"start":{"line":526,"column":8},"end":{"line":528,"column":9}},"type":"if","locations":[{"start":{"line":526,"column":8},"end":{"line":528,"column":9}},{"start":{},"end":{}}],"line":526},"24":{"loc":{"start":{"line":531,"column":8},"end":{"line":540,"column":9}},"type":"if","locations":[{"start":{"line":531,"column":8},"end":{"line":540,"column":9}},{"start":{},"end":{}}],"line":531},"25":{"loc":{"start":{"line":534,"column":16},"end":{"line":536,"column":17}},"type":"if","locations":[{"start":{"line":534,"column":16},"end":{"line":536,"column":17}},{"start":{},"end":{}}],"line":534},"26":{"loc":{"start":{"line":542,"column":8},"end":{"line":544,"column":9}},"type":"if","locations":[{"start":{"line":542,"column":8},"end":{"line":544,"column":9}},{"start":{},"end":{}}],"line":542},"27":{"loc":{"start":{"line":546,"column":8},"end":{"line":557,"column":9}},"type":"if","locations":[{"start":{"line":546,"column":8},"end":{"line":557,"column":9}},{"start":{},"end":{}}],"line":546},"28":{"loc":{"start":{"line":548,"column":12},"end":{"line":556,"column":13}},"type":"if","locations":[{"start":{"line":548,"column":12},"end":{"line":556,"column":13}},{"start":{},"end":{}}],"line":548},"29":{"loc":{"start":{"line":574,"column":8},"end":{"line":597,"column":9}},"type":"if","locations":[{"start":{"line":574,"column":8},"end":{"line":597,"column":9}},{"start":{},"end":{}}],"line":574},"30":{"loc":{"start":{"line":574,"column":12},"end":{"line":574,"column":54}},"type":"binary-expr","locations":[{"start":{"line":574,"column":12},"end":{"line":574,"column":33}},{"start":{"line":574,"column":37},"end":{"line":574,"column":54}}],"line":574},"31":{"loc":{"start":{"line":584,"column":20},"end":{"line":584,"column":50}},"type":"binary-expr","locations":[{"start":{"line":584,"column":20},"end":{"line":584,"column":26}},{"start":{"line":584,"column":30},"end":{"line":584,"column":50}}],"line":584},"32":{"loc":{"start":{"line":619,"column":8},"end":{"line":623,"column":9}},"type":"if","locations":[{"start":{"line":619,"column":8},"end":{"line":623,"column":9}},{"start":{},"end":{}}],"line":619},"33":{"loc":{"start":{"line":619,"column":12},"end":{"line":619,"column":37}},"type":"binary-expr","locations":[{"start":{"line":619,"column":12},"end":{"line":619,"column":20}},{"start":{"line":619,"column":24},"end":{"line":619,"column":37}}],"line":619},"34":{"loc":{"start":{"line":621,"column":16},"end":{"line":621,"column":68}},"type":"if","locations":[{"start":{"line":621,"column":16},"end":{"line":621,"column":68}},{"start":{},"end":{}}],"line":621}},"s":{"0":1,"1":1,"2":1,"3":1,"4":1,"5":1,"6":1,"7":1,"8":0,"9":0,"10":0,"11":0,"12":0,"13":0,"14":0,"15":0,"16":0,"17":0,"18":0,"19":0,"20":0,"21":0,"22":0,"23":0,"24":0,"25":0,"26":0,"27":0,"28":0,"29":0,"30":0,"31":0,"32":0,"33":0,"34":0,"35":0,"36":0,"37":0,"38":0,"39":0,"40":0,"41":0,"42":0,"43":0,"44":0,"45":1,"46":1,"47":1,"48":0,"49":0,"50":0,"51":0,"52":0,"53":1,"54":0,"55":0,"56":0,"57":0,"58":0,"59":0,"60":1,"61":0,"62":0,"63":0,"64":0,"65":0,"66":0,"67":0,"68":0,"69":0,"70":1,"71":0,"72":0,"73":0,"74":0,"75":0,"76":0,"77":0,"78":0,"79":0,"80":0,"81":0,"82":0,"83":0,"84":0,"85":0,"86":0,"87":0,"88":0,"89":0,"90":0,"91":0,"92":0,"93":0,"94":0,"95":0,"96":0,"97":0,"98":0,"99":0,"100":0,"101":1,"102":0,"103":0,"104":0,"105":0,"106":0,"107":0,"108":0,"109":0,"110":0,"111":0,"112":0,"113":0,"114":0,"115":0,"116":0,"117":0,"118":0,"119":0,"120":0,"121":0,"122":0,"123":0,"124":0,"125":0,"126":0,"127":0,"128":0,"129":0,"130":1,"131":0,"132":0,"133":0,"134":0,"135":0,"136":0,"137":0,"138":0,"139":0,"140":0,"141":0,"142":0,"143":0,"144":0,"145":0,"146":0,"147":0,"148":0,"149":0,"150":0,"151":0,"152":0,"153":0,"154":0,"155":0,"156":0,"157":0,"158":0,"159":0,"160":0,"161":0,"162":0,"163":0,"164":0,"165":0,"166":0,"167":0,"168":0,"169":0,"170":0,"171":0,"172":0,"173":0,"174":0,"175":0,"176":0,"177":0,"178":0,"179":0,"180":0,"181":0,"182":1},"f":{"0":0,"1":0,"2":0,"3":0,"4":0,"5":0,"6":0,"7":0,"8":0,"9":0,"10":0,"11":0,"12":0},"b":{"0":[0,0],"1":[0,0],"2":[0,0],"3":[0,0],"4":[0,0],"5":[0,0],"6":[0,0],"7":[0,0],"8":[0,0],"9":[0,0],"10":[0,0],"11":[0,0],"12":[0,0],"13":[0,0],"14":[0,0],"15":[0,0],"16":[0,0],"17":[0,0],"18":[0,0],"19":[0,0],"20":[0,0],"21":[0,0],"22":[0,0],"23":[0,0],"24":[0,0],"25":[0,0],"26":[0,0],"27":[0,0],"28":[0,0],"29":[0,0],"30":[0,0],"31":[0,0],"32":[0,0],"33":[0,0],"34":[0,0]},"_coverageSchema":"1a1c01bbd47fc00a2c39e90264f33305004495a9","hash":"af9b541b6b4b23ff6a9bd0a057d755920246d1db"}
}
