TN:
SF:config/database.js
FNF:0
FNH:0
DA:1,1
DA:2,1
DA:4,1
DA:12,1
LF:4
LH:4
BRF:0
BRH:0
end_of_record
TN:
SF:config/swagger.js
FNF:0
FNH:0
DA:1,0
DA:2,0
DA:4,0
DA:261,0
DA:263,0
LF:5
LH:0
BRF:0
BRH:0
end_of_record
TN:
SF:middleware/auth.js
FN:3,(anonymous_0)
FNF:1
FNH:0
FNDA:0,(anonymous_0)
DA:1,1
DA:3,1
DA:4,0
DA:6,0
DA:7,0
DA:10,0
DA:12,0
DA:13,0
DA:14,0
DA:16,0
DA:18,0
DA:19,0
LF:12
LH:2
BRDA:6,0,0,0
BRDA:6,0,1,0
BRDA:6,1,0,0
BRDA:6,1,1,0
BRF:4
BRH:0
end_of_record
TN:
SF:middleware/upload.js
FN:10,(anonymous_0)
FN:13,(anonymous_1)
FN:24,(anonymous_2)
FNF:3
FNH:0
FNDA:0,(anonymous_0)
FNDA:0,(anonymous_1)
FNDA:0,(anonymous_2)
DA:1,1
DA:2,1
DA:3,1
DA:4,1
DA:5,1
DA:6,0
DA:9,1
DA:11,0
DA:14,0
DA:15,0
DA:19,1
DA:25,0
DA:26,0
DA:28,0
DA:33,1
LF:15
LH:8
BRDA:5,0,0,0
BRDA:5,0,1,1
BRDA:25,1,0,0
BRDA:25,1,1,0
BRF:4
BRH:1
end_of_record
TN:
SF:routes/auth.js
FN:59,(anonymous_0)
FN:153,(anonymous_1)
FN:216,(anonymous_2)
FN:220,(anonymous_3)
FNF:4
FNH:2
FNDA:3,(anonymous_0)
FNDA:3,(anonymous_1)
FNDA:0,(anonymous_2)
FNDA:0,(anonymous_3)
DA:1,1
DA:2,1
DA:3,1
DA:4,1
DA:6,1
DA:59,1
DA:60,3
DA:61,3
DA:63,3
DA:64,0
DA:67,3
DA:72,3
DA:73,3
DA:76,0
DA:77,0
DA:79,0
DA:84,0
DA:90,0
DA:101,0
DA:102,0
DA:153,1
DA:154,3
DA:155,3
DA:157,3
DA:158,0
DA:161,3
DA:166,3
DA:167,0
DA:170,3
DA:172,3
DA:174,3
DA:175,3
DA:178,0
DA:184,0
DA:195,0
DA:196,0
DA:200,1
DA:216,1
DA:217,0
DA:220,1
DA:221,0
DA:226,0
DA:230,1
LF:43
LH:26
BRDA:63,0,0,0
BRDA:63,0,1,3
BRDA:63,1,0,3
BRDA:63,1,1,3
BRDA:72,2,0,3
BRDA:72,2,1,0
BRDA:81,3,0,0
BRDA:81,3,1,0
BRDA:157,4,0,0
BRDA:157,4,1,3
BRDA:157,5,0,3
BRDA:157,5,1,3
BRDA:166,6,0,0
BRDA:166,6,1,3
BRDA:174,7,0,3
BRDA:174,7,1,0
BRF:16
BRH:9
end_of_record
TN:
SF:routes/chats.js
FN:47,(anonymous_0)
FN:104,(anonymous_1)
FN:191,(anonymous_2)
FN:310,(anonymous_3)
FN:443,(anonymous_4)
FN:550,(anonymous_5)
FNF:6
FNH:0
FNDA:0,(anonymous_0)
FNDA:0,(anonymous_1)
FNDA:0,(anonymous_2)
FNDA:0,(anonymous_3)
FNDA:0,(anonymous_4)
FNDA:0,(anonymous_5)
DA:1,1
DA:2,1
DA:3,1
DA:4,1
DA:47,1
DA:48,0
DA:49,0
DA:50,0
DA:70,0
DA:77,0
DA:78,0
DA:86,0
DA:95,0
DA:104,0
DA:105,0
DA:109,0
DA:119,0
DA:125,0
DA:126,0
DA:191,1
DA:192,0
DA:193,0
DA:194,0
DA:196,0
DA:197,0
DA:200,0
DA:201,0
DA:204,0
DA:209,0
DA:210,0
DA:213,0
DA:220,0
DA:221,0
DA:223,0
DA:224,0
DA:226,0
DA:230,0
DA:232,0
DA:233,0
DA:236,0
DA:246,0
DA:253,0
DA:264,0
DA:265,0
DA:310,1
DA:311,0
DA:312,0
DA:313,0
DA:314,0
DA:315,0
DA:316,0
DA:321,0
DA:322,0
DA:324,0
DA:339,0
DA:342,0
DA:347,0
DA:348,0
DA:351,0
DA:352,0
DA:353,0
DA:356,0
DA:371,0
DA:378,0
DA:382,0
DA:383,0
DA:443,1
DA:444,0
DA:445,0
DA:446,0
DA:447,0
DA:449,0
DA:450,0
DA:455,0
DA:456,0
DA:458,0
DA:463,0
DA:464,0
DA:467,0
DA:475,0
DA:480,0
DA:481,0
DA:484,0
DA:485,0
DA:486,0
DA:489,0
DA:497,0
DA:502,0
DA:510,0
DA:511,0
DA:550,1
DA:551,0
DA:552,0
DA:553,0
DA:555,0
DA:556,0
DA:559,0
DA:567,0
DA:570,0
DA:571,0
DA:575,1
LF:101
LH:10
BRDA:77,0,0,0
BRDA:77,0,1,0
BRDA:105,1,0,0
BRDA:105,1,1,0
BRDA:196,2,0,0
BRDA:196,2,1,0
BRDA:200,3,0,0
BRDA:200,3,1,0
BRDA:209,4,0,0
BRDA:209,4,1,0
BRDA:220,5,0,0
BRDA:220,5,1,0
BRDA:223,6,0,0
BRDA:223,6,1,0
BRDA:232,7,0,0
BRDA:232,7,1,0
BRDA:314,8,0,0
BRDA:314,8,1,0
BRDA:321,9,0,0
BRDA:321,9,1,0
BRDA:321,10,0,0
BRDA:321,10,1,0
BRDA:347,11,0,0
BRDA:347,11,1,0
BRDA:352,12,0,0
BRDA:352,12,1,0
BRDA:352,13,0,0
BRDA:352,13,1,0
BRDA:449,14,0,0
BRDA:449,14,1,0
BRDA:449,15,0,0
BRDA:449,15,1,0
BRDA:455,16,0,0
BRDA:455,16,1,0
BRDA:463,17,0,0
BRDA:463,17,1,0
BRDA:463,18,0,0
BRDA:463,18,1,0
BRDA:480,19,0,0
BRDA:480,19,1,0
BRDA:485,20,0,0
BRDA:485,20,1,0
BRDA:485,21,0,0
BRDA:485,21,1,0
BRDA:555,22,0,0
BRDA:555,22,1,0
BRDA:555,23,0,0
BRDA:555,23,1,0
BRF:48
BRH:0
end_of_record
TN:
SF:routes/skycharts.js
FN:9,(anonymous_0)
FN:49,(anonymous_1)
FN:92,(anonymous_2)
FN:173,(anonymous_3)
FN:222,(anonymous_4)
FN:277,(anonymous_5)
FN:353,(anonymous_6)
FN:421,(anonymous_7)
FN:454,(anonymous_8)
FN:509,(anonymous_9)
FN:552,(anonymous_10)
FN:578,(anonymous_11)
FN:620,(anonymous_12)
FNF:13
FNH:0
FNDA:0,(anonymous_0)
FNDA:0,(anonymous_1)
FNDA:0,(anonymous_2)
FNDA:0,(anonymous_3)
FNDA:0,(anonymous_4)
FNDA:0,(anonymous_5)
FNDA:0,(anonymous_6)
FNDA:0,(anonymous_7)
FNDA:0,(anonymous_8)
FNDA:0,(anonymous_9)
FNDA:0,(anonymous_10)
FNDA:0,(anonymous_11)
FNDA:0,(anonymous_12)
DA:1,1
DA:2,1
DA:3,1
DA:4,1
DA:5,1
DA:6,1
DA:7,1
DA:9,1
DA:10,0
DA:12,0
DA:13,0
DA:14,0
DA:15,0
DA:16,0
DA:18,0
DA:19,0
DA:20,0
DA:21,0
DA:22,0
DA:23,0
DA:26,0
DA:30,0
DA:31,0
DA:34,0
DA:36,0
DA:43,0
DA:45,0
DA:46,0
DA:47,0
DA:49,0
DA:50,0
DA:51,0
DA:58,0
DA:63,0
DA:70,0
DA:72,0
DA:80,0
DA:88,0
DA:89,0
DA:91,0
DA:92,0
DA:93,0
DA:97,0
DA:99,0
DA:151,1
DA:152,1
DA:173,1
DA:174,0
DA:175,0
DA:192,0
DA:194,0
DA:195,0
DA:222,1
DA:223,0
DA:224,0
DA:226,0
DA:244,0
DA:246,0
DA:247,0
DA:277,1
DA:278,0
DA:279,0
DA:281,0
DA:298,0
DA:299,0
DA:302,0
DA:310,0
DA:317,0
DA:318,0
DA:353,1
DA:354,0
DA:356,0
DA:357,0
DA:358,0
DA:360,0
DA:367,0
DA:368,0
DA:371,0
DA:372,0
DA:375,0
DA:377,0
DA:379,0
DA:385,0
DA:387,0
DA:388,0
DA:389,0
DA:390,0
DA:392,0
DA:393,0
DA:394,0
DA:395,0
DA:397,0
DA:398,0
DA:400,0
DA:404,0
DA:408,0
DA:413,0
DA:414,0
DA:415,0
DA:417,0
DA:421,1
DA:422,0
DA:423,0
DA:424,0
DA:425,0
DA:427,0
DA:443,0
DA:444,0
DA:447,0
DA:448,0
DA:450,0
DA:451,0
DA:452,0
DA:454,0
DA:455,0
DA:456,0
DA:458,0
DA:459,0
DA:464,0
DA:467,0
DA:468,0
DA:470,0
DA:473,0
DA:486,0
DA:487,0
DA:489,0
DA:495,0
DA:504,0
DA:505,0
DA:509,1
DA:510,0
DA:512,0
DA:513,0
DA:514,0
DA:515,0
DA:517,0
DA:522,0
DA:523,0
DA:526,0
DA:527,0
DA:530,0
DA:531,0
DA:532,0
DA:533,0
DA:534,0
DA:535,0
DA:538,0
DA:542,0
DA:543,0
DA:545,0
DA:546,0
DA:547,0
DA:548,0
DA:549,0
DA:550,0
DA:551,0
DA:552,0
DA:554,0
DA:559,0
DA:560,0
DA:568,0
DA:569,0
DA:574,0
DA:575,0
DA:576,0
DA:578,0
DA:579,0
DA:580,0
DA:587,0
DA:592,0
DA:599,0
DA:600,0
DA:608,0
DA:617,0
DA:618,0
DA:619,0
DA:620,0
DA:621,0
DA:625,0
DA:627,0
DA:631,1
LF:181
LH:17
BRDA:15,0,0,0
BRDA:15,0,1,0
BRDA:16,1,0,0
BRDA:16,1,1,0
BRDA:19,2,0,0
BRDA:19,2,1,0
BRDA:22,3,0,0
BRDA:22,3,1,0
BRDA:30,4,0,0
BRDA:30,4,1,0
BRDA:45,5,0,0
BRDA:45,5,1,0
BRDA:45,6,0,0
BRDA:45,6,1,0
BRDA:55,7,0,0
BRDA:55,7,1,0
BRDA:91,8,0,0
BRDA:91,8,1,0
BRDA:91,9,0,0
BRDA:91,9,1,0
BRDA:93,10,0,0
BRDA:93,10,1,0
BRDA:298,11,0,0
BRDA:298,11,1,0
BRDA:367,12,0,0
BRDA:367,12,1,0
BRDA:371,13,0,0
BRDA:371,13,1,0
BRDA:387,14,0,0
BRDA:387,14,1,0
BRDA:397,15,0,0
BRDA:397,15,1,0
BRDA:443,16,0,0
BRDA:443,16,1,0
BRDA:448,17,0,0
BRDA:448,17,1,0
BRDA:458,18,0,0
BRDA:458,18,1,0
BRDA:467,19,0,0
BRDA:467,19,1,0
BRDA:479,20,0,0
BRDA:479,20,1,0
BRDA:487,21,0,0
BRDA:487,21,1,0
BRDA:522,22,0,0
BRDA:522,22,1,0
BRDA:526,23,0,0
BRDA:526,23,1,0
BRDA:531,24,0,0
BRDA:531,24,1,0
BRDA:534,25,0,0
BRDA:534,25,1,0
BRDA:542,26,0,0
BRDA:542,26,1,0
BRDA:546,27,0,0
BRDA:546,27,1,0
BRDA:548,28,0,0
BRDA:548,28,1,0
BRDA:574,29,0,0
BRDA:574,29,1,0
BRDA:574,30,0,0
BRDA:574,30,1,0
BRDA:584,31,0,0
BRDA:584,31,1,0
BRDA:619,32,0,0
BRDA:619,32,1,0
BRDA:619,33,0,0
BRDA:619,33,1,0
BRDA:621,34,0,0
BRDA:621,34,1,0
BRF:70
BRH:0
end_of_record
